<?xml version="1.0" encoding="UTF-8"?>
<!-- Generated by org.testng.reporters.JUnitXMLReporter -->
<testsuite hostname="FWS-LP-152" ignored="0" name="Test" tests="1" failures="1" timestamp="2020-04-05T16:10:35 IST" time="18.353" errors="0">
  <testcase name="testA" time="0.01" classname="script.DemoA">
    <failure type="java.lang.AssertionError" message="null">
      <![CDATA[java.lang.AssertionError: null
at script.DemoA.testA(DemoA.java:15)
at java.util.ArrayList.forEach(Unknown Source)
... Removed 29 stack frames]]>
    </failure>
  </testcase> <!-- testA -->
</testsuite> <!-- Test -->
